Arguments: 
  C:\Program Files\nodejs\node.exe C:\Users\dylan\AppData\Roaming\npm\node_modules\yarn\bin\yarn.js add -D babel-plugin-transform-decorators-legacy

PATH: 
  C:\Program Files (x86)\Common Files\Intel\Shared Libraries\redist\intel64\compiler;D:\oracledb\app\oracle\product\11.2.0\server\bin;C:\ProgramData\Oracle\Java\javapath;C:\Program Files (x86)\Intel\iCLS Client\;C:\Program Files\Intel\iCLS Client\;C:\Windows\system32;C:\Windows;C:\Windows\System32\Wbem;C:\Windows\System32\WindowsPowerShell\v1.0\;C:\Program Files\Intel\WiFi\bin\;C:\Program Files\Common Files\Intel\WirelessCommon\;C:\Program Files (x86)\Intel\Intel(R) Management Engine Components\DAL;C:\Program Files\Intel\Intel(R) Management Engine Components\DAL;C:\Program Files (x86)\Intel\Intel(R) Management Engine Components\IPT;C:\Program Files\Intel\Intel(R) Management Engine Components\IPT;C:\Program Files (x86)\NVIDIA Corporation\PhysX\Common;C:\WINDOWS\system32;C:\WINDOWS;C:\WINDOWS\System32\Wbem;C:\WINDOWS\System32\WindowsPowerShell\v1.0\;C:\Program Files\dotnet\;C:\Program Files\Microsoft SQL Server\Client SDK\ODBC\110\Tools\Binn\;C:\Program Files (x86)\Skype\Phone\;D:\devdesktopapache\php5_5;C:\Program Files (x86)\OpenVPN\bin;C:\WINDOWS\System32\OpenSSH\;C:\Program Files (x86)\Bitvise SSH Client;C:\ProgramData\chocolatey\bin;C:\Program Files\nodejs\;C:\Users\dylan\AppData\Local\Android\Sdk\platform-tools;C:\Users\dylan\AppData\Local\Programs\Python\Python37\Scripts\;C:\Users\dylan\AppData\Local\Programs\Python\Python37\;C:\Users\dylan\AppData\Roaming\Composer\vendor\drush\drush;C:\Users\dylan\AppData\Roaming\Composer\vendor\bin;C:\Users\dylan\AppData\Local\Microsoft\WindowsApps;C:\Program Files\Microsoft VS Code\bin;C:\Users\dylan\AppData\Roaming\npm;C:\Users\dylan\AppData\Local\Android\Sdk\platform-tools;

Yarn version: 
  1.7.0

Node version: 
  10.5.0

Platform: 
  win32 x64

Trace: 
  Error: EPERM: operation not permitted, unlink 'C:\Users\dylan\drinkingmate\node_modules\@babel\plugin-transform-classes\node_modules\globals'

npm manifest: 
  {
    "main": "node_modules/expo/AppEntry.js",
    "private": true,
    "dependencies": {
      "expo": "^28.0.0",
      "firebase": "^5.2.0",
      "react": "16.3.1",
      "react-native": "https://github.com/expo/react-native/archive/sdk-28.0.0.tar.gz",
      "react-navigation": "^2.5.5"
    }
  }

yarn manifest: 
  No manifest

Lockfile: 
  No lockfile
